c:\users\yuanh\documents\github\trader\qctrader\debug\mongocxx.obj
c:\users\yuanh\documents\github\trader\qctrader\debug\backtesterengine.obj
c:\users\yuanh\documents\github\trader\qctrader\debug\ctpconnectwidgets.obj
c:\users\yuanh\documents\github\trader\qctrader\debug\json11.obj
c:\users\yuanh\documents\github\trader\qctrader\debug\json_writer.obj
c:\users\yuanh\documents\github\trader\qctrader\debug\riskmanager.obj
c:\users\yuanh\documents\github\trader\qctrader\debug\utility.obj
c:\users\yuanh\documents\github\trader\qctrader\debug\eventengine.obj
c:\users\yuanh\documents\github\trader\qctrader\debug\qcgateway.obj
c:\users\yuanh\documents\github\trader\qctrader\debug\algorithmorder.obj
c:\users\yuanh\documents\github\trader\qctrader\debug\ctaengine.obj
c:\users\yuanh\documents\github\trader\qctrader\debug\ctptd.obj
c:\users\yuanh\documents\github\trader\qctrader\debug\mainwindow.obj
c:\users\yuanh\documents\github\trader\qctrader\debug\qctrader.obj
c:\users\yuanh\documents\github\trader\qctrader\debug\backtestermanager.obj
c:\users\yuanh\documents\github\trader\qctrader\debug\ctpgateway.obj
c:\users\yuanh\documents\github\trader\qctrader\debug\json_reader.obj
c:\users\yuanh\documents\github\trader\qctrader\debug\portfolio.obj
c:\users\yuanh\documents\github\trader\qctrader\debug\strategytemplate.obj
c:\users\yuanh\documents\github\trader\qctrader\debug\gatewaymanager.obj
c:\users\yuanh\documents\github\trader\qctrader\debug\main.obj
c:\users\yuanh\documents\github\trader\qctrader\debug\ctastrategymanager.obj
c:\users\yuanh\documents\github\trader\qctrader\debug\bollchannelstrategy.obj
c:\users\yuanh\documents\github\trader\qctrader\debug\ctpmd.obj
c:\users\yuanh\documents\github\trader\qctrader\debug\json_value.obj
c:\users\yuanh\documents\github\trader\qctrader\debug\qcustomplot.obj
c:\users\yuanh\documents\github\trader\qctrader\debug\vc142.pdb
c:\users\yuanh\documents\github\trader\qctrader\debug\qrc_qctrader.obj
c:\users\yuanh\documents\github\trader\qctrader\debug\moc_backtestermanager.obj
c:\users\yuanh\documents\github\trader\qctrader\debug\moc_qctrader.obj
c:\users\yuanh\documents\github\trader\qctrader\debug\moc_ctpconnectwidgets.obj
c:\users\yuanh\documents\github\trader\qctrader\debug\moc_ctastrategymanager.obj
c:\users\yuanh\documents\github\trader\qctrader\debug\moc_spinboxdelegate.obj
c:\users\yuanh\documents\github\trader\qctrader\debug\moc_readonlydelegate.obj
c:\users\yuanh\documents\github\trader\qctrader\debug\moc_mainwindow.obj
c:\users\yuanh\documents\github\trader\qctrader\debug\moc_qcustomplot.obj
c:\users\yuanh\documents\github\trader\qctrader\debug\contractquerymanager.obj
c:\users\yuanh\documents\github\trader\qctrader\debug\moc_contractquerymanager.obj
c:\users\yuanh\documents\github\trader\qctrader\debug\qctrader.exe
c:\users\yuanh\documents\github\trader\qctrader\debug\qctrader.ilk
c:\users\yuanh\documents\github\trader\qctrader\debug\qctrader.pdb
c:\users\yuanh\documents\github\trader\qctrader\debug\moc\moc_qctrader.cpp
c:\users\yuanh\documents\github\trader\qctrader\debug\moc\moc_mainwindow.cpp
c:\users\yuanh\documents\github\trader\qctrader\debug\moc\moc_ctastrategymanager.cpp
c:\users\yuanh\documents\github\trader\qctrader\debug\moc\moc_backtestermanager.cpp
c:\users\yuanh\documents\github\trader\qctrader\debug\moc\moc_contractquerymanager.cpp
c:\users\yuanh\documents\github\trader\qctrader\debug\moc\moc_qcustomplot.cpp
c:\users\yuanh\documents\github\trader\qctrader\debug\moc\moc_ctpconnectwidgets.cpp
c:\users\yuanh\documents\github\trader\qctrader\debug\uic\ui_backtestermanager.h
c:\users\yuanh\documents\github\trader\qctrader\debug\uic\ui_ctastrategymanager.h
c:\users\yuanh\documents\github\trader\qctrader\debug\uic\ui_ctpconnectwidgets.h
c:\users\yuanh\documents\github\trader\qctrader\debug\uic\ui_mainwindow.h
c:\users\yuanh\documents\github\trader\qctrader\debug\uic\ui_qctrader.h
c:\users\yuanh\documents\github\trader\qctrader\debug\rcc\qrc_qctrader.cpp
c:\users\yuanh\documents\github\trader\qctrader\debug\moc\moc_spinboxdelegate.cpp
c:\users\yuanh\documents\github\trader\qctrader\debug\moc\moc_readonlydelegate.cpp
c:\users\yuanh\documents\github\trader\qctrader\debug\uic\ui_contractquerymanager.h
c:\users\yuanh\documents\github\trader\qctrader\debug\qctrader.tlog\cl.command.1.tlog
c:\users\yuanh\documents\github\trader\qctrader\debug\qctrader.tlog\cl.read.1.tlog
c:\users\yuanh\documents\github\trader\qctrader\debug\qctrader.tlog\cl.write.1.tlog
c:\users\yuanh\documents\github\trader\qctrader\debug\qctrader.tlog\link.command.1.tlog
c:\users\yuanh\documents\github\trader\qctrader\debug\qctrader.tlog\link.read.1.tlog
c:\users\yuanh\documents\github\trader\qctrader\debug\qctrader.tlog\link.write.1.tlog
c:\users\yuanh\documents\github\trader\qctrader\debug\qctrader.tlog\moc.read.1u.tlog
c:\users\yuanh\documents\github\trader\qctrader\debug\qctrader.tlog\moc.write.1u.tlog
c:\users\yuanh\documents\github\trader\qctrader\debug\qctrader.tlog\qctrader.write.1u.tlog
c:\users\yuanh\documents\github\trader\qctrader\debug\qctrader.tlog\rcc.read.1u.tlog
c:\users\yuanh\documents\github\trader\qctrader\debug\qctrader.tlog\rcc.write.1u.tlog
c:\users\yuanh\documents\github\trader\qctrader\debug\qctrader.tlog\uic.read.1u.tlog
c:\users\yuanh\documents\github\trader\qctrader\debug\qctrader.tlog\uic.write.1u.tlog
